<?xml version="1.0" encoding="UTF-8"?>
<!-- Generated by org.testng.reporters.JUnitReportReporter -->
<testsuite hostname="EPINHYDW0111" failures="0" tests="3" name="com.epam.unitTests.Banana" time="0.000" errors="0" timestamp="2024-02-10T10:09:33 IST" skipped="0">
  <testcase classname="com.epam.unitTests.Banana" name="myMethod03" time="0.000"/>
  <testcase classname="com.epam.unitTests.Banana" name="myMethod01" time="0.000"/>
  <testcase classname="com.epam.unitTests.Banana" name="myMethod02" time="0.000"/>
</testsuite> <!-- com.epam.unitTests.Banana -->
