<?xml version="1.0" encoding="UTF-8"?>
<!-- Generated by org.testng.reporters.JUnitReportReporter -->
<testsuite hostname="EPINHYDW0111" failures="0" tests="4" name="com.epam.jUnitTests.Elephant" time="0.003" errors="0" timestamp="2024-02-10T10:09:33 IST" skipped="0">
  <testcase classname="com.epam.jUnitTests.Elephant" name="myMethod02" time="0.001"/>
  <testcase classname="com.epam.jUnitTests.Elephant" name="myMethod03" time="0.001"/>
  <testcase classname="com.epam.jUnitTests.Elephant" name="myMethod01" time="0.000"/>
  <testcase classname="com.epam.jUnitTests.Elephant" name="myMethod01" time="0.001"/>
</testsuite> <!-- com.epam.jUnitTests.Elephant -->
